<?xml version="1.0" encoding="UTF-8"?>
<!-- Generated by org.testng.reporters.JUnitReportReporter -->
<testsuite hostname="10X-Sivaram" name="com.sample.jenkinstest.Sample" tests="1" failures="0" timestamp="22 Jun 2016 08:26:58 GMT" time="0.007" errors="0">
  <testcase name="f" time="0.007" classname="com.sample.jenkinstest.Sample"/>
</testsuite> <!-- com.sample.jenkinstest.Sample -->
