<?xml version="1.0" encoding="UTF-8"?>
<!-- Generated by org.testng.reporters.JUnitReportReporter -->
<testsuite hostname="10X-Sivaram" name="com.sample.jenkinstest.Sample" tests="1" failures="0" timestamp="1 Jul 2016 06:09:55 GMT" time="10.371" errors="0">
  <testcase name="f" time="10.371" classname="com.sample.jenkinstest.Sample"/>
</testsuite> <!-- com.sample.jenkinstest.Sample -->
