<?xml version="1.0" encoding="UTF-8"?>
<!-- Generated by org.testng.reporters.JUnitReportReporter -->
<testsuite hostname="10X-Sivaram" name="com.sample.jenkinstest.Sample" tests="1" failures="0" timestamp="1 Jul 2016 05:36:01 GMT" time="12.145" errors="0">
  <testcase name="f" time="12.145" classname="com.sample.jenkinstest.Sample"/>
</testsuite> <!-- com.sample.jenkinstest.Sample -->
